{"/Users/jorgeruizzugazua/rest_api_node_ts_server/src/router.ts": {"path":"/Users/jorgeruizzugazua/rest_api_node_ts_server/src/router.ts","statementMap":{"0":{"start":{"line":1,"column":0},"end":{"line":1,"column":52}},"1":{"start":{"line":2,"column":0},"end":{"line":2,"column":74}},"2":{"start":{"line":3,"column":0},"end":{"line":3,"column":140}},"3":{"start":{"line":4,"column":0},"end":{"line":4,"column":49}},"4":{"start":{"line":6,"column":15},"end":{"line":6,"column":23}},"5":{"start":{"line":9,"column":0},"end":{"line":9,"column":39}},"6":{"start":{"line":11,"column":0},"end":{"line":14,"column":28}},"7":{"start":{"line":16,"column":0},"end":{"line":24,"column":33}},"8":{"start":{"line":22,"column":35},"end":{"line":22,"column":42}},"9":{"start":{"line":26,"column":0},"end":{"line":37,"column":26}},"10":{"start":{"line":33,"column":35},"end":{"line":33,"column":42}},"11":{"start":{"line":39,"column":0},"end":{"line":42,"column":31}},"12":{"start":{"line":44,"column":0},"end":{"line":47,"column":null}},"13":{"start":{"line":49,"column":0},"end":{"line":49,"column":null}}},"fnMap":{"0":{"name":"(anonymous_0)","decl":{"start":{"line":22,"column":24},"end":{"line":22,"column":25}},"loc":{"start":{"line":22,"column":35},"end":{"line":22,"column":42}}},"1":{"name":"(anonymous_1)","decl":{"start":{"line":33,"column":24},"end":{"line":33,"column":25}},"loc":{"start":{"line":33,"column":35},"end":{"line":33,"column":42}}}},"branchMap":{},"s":{"0":2,"1":2,"2":2,"3":2,"4":2,"5":2,"6":2,"7":2,"8":4,"9":2,"10":5,"11":2,"12":2,"13":2},"f":{"0":4,"1":5},"b":{}}
,"/Users/jorgeruizzugazua/rest_api_node_ts_server/src/server.ts": {"path":"/Users/jorgeruizzugazua/rest_api_node_ts_server/src/server.ts","statementMap":{"0":{"start":{"line":1,"column":0},"end":{"line":1,"column":30}},"1":{"start":{"line":2,"column":0},"end":{"line":2,"column":30}},"2":{"start":{"line":3,"column":0},"end":{"line":3,"column":29}},"3":{"start":{"line":5,"column":15},"end":{"line":5,"column":24}},"4":{"start":{"line":7,"column":0},"end":{"line":7,"column":27}},"5":{"start":{"line":10,"column":4},"end":{"line":16,"column":5}},"6":{"start":{"line":11,"column":8},"end":{"line":11,"column":32}},"7":{"start":{"line":12,"column":8},"end":{"line":12,"column":24}},"8":{"start":{"line":15,"column":8},"end":{"line":15,"column":67}},"9":{"start":{"line":18,"column":0},"end":{"line":18,"column":12}},"10":{"start":{"line":20,"column":0},"end":{"line":20,"column":null}},"11":{"start":{"line":22,"column":0},"end":{"line":24,"column":null}},"12":{"start":{"line":23,"column":4},"end":{"line":23,"column":null}},"13":{"start":{"line":26,"column":0},"end":{"line":26,"column":null}}},"fnMap":{"0":{"name":"connectDB","decl":{"start":{"line":9,"column":15},"end":{"line":9,"column":24}},"loc":{"start":{"line":9,"column":24},"end":{"line":17,"column":1}}},"1":{"name":"(anonymous_2)","decl":{"start":{"line":22,"column":19},"end":{"line":22,"column":20}},"loc":{"start":{"line":22,"column":33},"end":{"line":24,"column":1}}}},"branchMap":{},"s":{"0":2,"1":2,"2":2,"3":2,"4":2,"5":2,"6":2,"7":1,"8":0,"9":2,"10":2,"11":2,"12":1,"13":2},"f":{"0":2,"1":1},"b":{}}
,"/Users/jorgeruizzugazua/rest_api_node_ts_server/src/config/db.ts": {"path":"/Users/jorgeruizzugazua/rest_api_node_ts_server/src/config/db.ts","statementMap":{"0":{"start":{"line":1,"column":0},"end":{"line":1,"column":49}},"1":{"start":{"line":2,"column":0},"end":{"line":2,"column":28}},"2":{"start":{"line":4,"column":0},"end":{"line":4,"column":16}},"3":{"start":{"line":6,"column":11},"end":{"line":13,"column":2}},"4":{"start":{"line":15,"column":0},"end":{"line":15,"column":null}}},"fnMap":{},"branchMap":{},"s":{"0":2,"1":2,"2":2,"3":2,"4":2},"f":{},"b":{}}
,"/Users/jorgeruizzugazua/rest_api_node_ts_server/src/handlers/product.ts": {"path":"/Users/jorgeruizzugazua/rest_api_node_ts_server/src/handlers/product.ts","statementMap":{"0":{"start":{"line":3,"column":0},"end":{"line":3,"column":46}},"1":{"start":{"line":6,"column":30},"end":{"line":21,"column":1}},"2":{"start":{"line":8,"column":17},"end":{"line":8,"column":27}},"3":{"start":{"line":12,"column":4},"end":{"line":20,"column":5}},"4":{"start":{"line":13,"column":24},"end":{"line":13,"column":50}},"5":{"start":{"line":14,"column":8},"end":{"line":16,"column":9}},"6":{"start":{"line":15,"column":12},"end":{"line":15,"column":73}},"7":{"start":{"line":17,"column":8},"end":{"line":17,"column":54}},"8":{"start":{"line":19,"column":8},"end":{"line":19,"column":null}},"9":{"start":{"line":6,"column":13},"end":{"line":6,"column":30}},"10":{"start":{"line":23,"column":30},"end":{"line":30,"column":1}},"11":{"start":{"line":24,"column":4},"end":{"line":29,"column":5}},"12":{"start":{"line":25,"column":25},"end":{"line":25,"column":48}},"13":{"start":{"line":26,"column":8},"end":{"line":26,"column":55}},"14":{"start":{"line":28,"column":8},"end":{"line":28,"column":null}},"15":{"start":{"line":23,"column":13},"end":{"line":23,"column":30}},"16":{"start":{"line":32,"column":36},"end":{"line":50,"column":1}},"17":{"start":{"line":43,"column":4},"end":{"line":48,"column":5}},"18":{"start":{"line":44,"column":24},"end":{"line":44,"column":54}},"19":{"start":{"line":45,"column":8},"end":{"line":45,"column":67}},"20":{"start":{"line":47,"column":8},"end":{"line":47,"column":95}},"21":{"start":{"line":32,"column":13},"end":{"line":32,"column":36}},"22":{"start":{"line":52,"column":29},"end":{"line":70,"column":1}},"23":{"start":{"line":54,"column":17},"end":{"line":54,"column":27}},"24":{"start":{"line":56,"column":4},"end":{"line":69,"column":5}},"25":{"start":{"line":57,"column":24},"end":{"line":57,"column":50}},"26":{"start":{"line":58,"column":8},"end":{"line":60,"column":9}},"27":{"start":{"line":59,"column":12},"end":{"line":59,"column":73}},"28":{"start":{"line":62,"column":8},"end":{"line":62,"column":39}},"29":{"start":{"line":63,"column":8},"end":{"line":63,"column":29}},"30":{"start":{"line":65,"column":8},"end":{"line":65,"column":54}},"31":{"start":{"line":68,"column":8},"end":{"line":68,"column":null}},"32":{"start":{"line":52,"column":13},"end":{"line":52,"column":29}},"33":{"start":{"line":72,"column":34},"end":{"line":100,"column":1}},"34":{"start":{"line":74,"column":17},"end":{"line":74,"column":27}},"35":{"start":{"line":75,"column":27},"end":{"line":75,"column":35}},"36":{"start":{"line":77,"column":4},"end":{"line":99,"column":5}},"37":{"start":{"line":78,"column":24},"end":{"line":78,"column":50}},"38":{"start":{"line":79,"column":8},"end":{"line":81,"column":9}},"39":{"start":{"line":80,"column":12},"end":{"line":80,"column":73}},"40":{"start":{"line":82,"column":8},"end":{"line":82,"column":87}},"41":{"start":{"line":84,"column":8},"end":{"line":87,"column":9}},"42":{"start":{"line":85,"column":12},"end":{"line":85,"column":80}},"43":{"start":{"line":86,"column":12},"end":{"line":86,"column":91}},"44":{"start":{"line":89,"column":8},"end":{"line":89,"column":42}},"45":{"start":{"line":90,"column":8},"end":{"line":90,"column":29}},"46":{"start":{"line":92,"column":8},"end":{"line":95,"column":11}},"47":{"start":{"line":98,"column":8},"end":{"line":98,"column":null}},"48":{"start":{"line":72,"column":13},"end":{"line":72,"column":34}},"49":{"start":{"line":102,"column":29},"end":{"line":119,"column":1}},"50":{"start":{"line":104,"column":17},"end":{"line":104,"column":27}},"51":{"start":{"line":106,"column":4},"end":{"line":118,"column":5}},"52":{"start":{"line":107,"column":24},"end":{"line":107,"column":50}},"53":{"start":{"line":108,"column":8},"end":{"line":110,"column":9}},"54":{"start":{"line":109,"column":12},"end":{"line":109,"column":73}},"55":{"start":{"line":112,"column":8},"end":{"line":112,"column":32}},"56":{"start":{"line":114,"column":8},"end":{"line":114,"column":64}},"57":{"start":{"line":117,"column":8},"end":{"line":117,"column":null}},"58":{"start":{"line":102,"column":13},"end":{"line":102,"column":29}}},"fnMap":{"0":{"name":"(anonymous_1)","decl":{"start":{"line":6,"column":30},"end":{"line":6,"column":35}},"loc":{"start":{"line":6,"column":69},"end":{"line":21,"column":1}}},"1":{"name":"(anonymous_2)","decl":{"start":{"line":23,"column":30},"end":{"line":23,"column":35}},"loc":{"start":{"line":23,"column":69},"end":{"line":30,"column":1}}},"2":{"name":"(anonymous_3)","decl":{"start":{"line":32,"column":36},"end":{"line":32,"column":41}},"loc":{"start":{"line":32,"column":75},"end":{"line":50,"column":1}}},"3":{"name":"(anonymous_4)","decl":{"start":{"line":52,"column":29},"end":{"line":52,"column":34}},"loc":{"start":{"line":52,"column":68},"end":{"line":70,"column":1}}},"4":{"name":"(anonymous_5)","decl":{"start":{"line":72,"column":34},"end":{"line":72,"column":39}},"loc":{"start":{"line":72,"column":73},"end":{"line":100,"column":1}}},"5":{"name":"(anonymous_6)","decl":{"start":{"line":102,"column":29},"end":{"line":102,"column":34}},"loc":{"start":{"line":102,"column":68},"end":{"line":119,"column":1}}}},"branchMap":{"0":{"loc":{"start":{"line":14,"column":8},"end":{"line":16,"column":9}},"type":"if","locations":[{"start":{"line":14,"column":8},"end":{"line":16,"column":9}}]},"1":{"loc":{"start":{"line":58,"column":8},"end":{"line":60,"column":9}},"type":"if","locations":[{"start":{"line":58,"column":8},"end":{"line":60,"column":9}}]},"2":{"loc":{"start":{"line":79,"column":8},"end":{"line":81,"column":9}},"type":"if","locations":[{"start":{"line":79,"column":8},"end":{"line":81,"column":9}}]},"3":{"loc":{"start":{"line":84,"column":8},"end":{"line":87,"column":9}},"type":"if","locations":[{"start":{"line":84,"column":8},"end":{"line":87,"column":9}}]},"4":{"loc":{"start":{"line":108,"column":8},"end":{"line":110,"column":9}},"type":"if","locations":[{"start":{"line":108,"column":8},"end":{"line":110,"column":9}}]}},"s":{"0":2,"1":2,"2":2,"3":2,"4":2,"5":2,"6":2,"7":0,"8":0,"9":2,"10":2,"11":2,"12":2,"13":2,"14":0,"15":2,"16":2,"17":1,"18":1,"19":1,"20":0,"21":2,"22":2,"23":2,"24":2,"25":2,"26":2,"27":2,"28":0,"29":0,"30":0,"31":0,"32":2,"33":2,"34":1,"35":1,"36":1,"37":1,"38":1,"39":1,"40":0,"41":0,"42":0,"43":0,"44":0,"45":0,"46":0,"47":0,"48":2,"49":2,"50":2,"51":2,"52":2,"53":2,"54":2,"55":0,"56":0,"57":0,"58":2},"f":{"0":2,"1":2,"2":1,"3":2,"4":1,"5":2},"b":{"0":[2],"1":[2],"2":[1],"3":[0],"4":[2]}}
,"/Users/jorgeruizzugazua/rest_api_node_ts_server/src/middleware/index.ts": {"path":"/Users/jorgeruizzugazua/rest_api_node_ts_server/src/middleware/index.ts","statementMap":{"0":{"start":{"line":2,"column":0},"end":{"line":2,"column":53}},"1":{"start":{"line":4,"column":33},"end":{"line":13,"column":1}},"2":{"start":{"line":6,"column":14},"end":{"line":6,"column":35}},"3":{"start":{"line":7,"column":4},"end":{"line":9,"column":5}},"4":{"start":{"line":8,"column":8},"end":{"line":8,"column":55}},"5":{"start":{"line":11,"column":4},"end":{"line":11,"column":11}},"6":{"start":{"line":4,"column":13},"end":{"line":4,"column":33}}},"fnMap":{"0":{"name":"(anonymous_0)","decl":{"start":{"line":4,"column":33},"end":{"line":4,"column":34}},"loc":{"start":{"line":4,"column":86},"end":{"line":13,"column":1}}}},"branchMap":{"0":{"loc":{"start":{"line":7,"column":4},"end":{"line":9,"column":5}},"type":"if","locations":[{"start":{"line":7,"column":4},"end":{"line":9,"column":5}}]}},"s":{"0":2,"1":2,"2":16,"3":16,"4":8,"5":8,"6":2},"f":{"0":16},"b":{"0":[8]}}
,"/Users/jorgeruizzugazua/rest_api_node_ts_server/src/models/Product.model.ts": {"path":"/Users/jorgeruizzugazua/rest_api_node_ts_server/src/models/Product.model.ts","statementMap":{"0":{"start":{"line":1,"column":0},"end":{"line":1,"column":79}},"1":{"start":{"line":7,"column":0},"end":{"line":24,"column":null}},"2":{"start":{"line":11,"column":12},"end":{"line":11,"column":null}},"3":{"start":{"line":16,"column":12},"end":{"line":16,"column":null}},"4":{"start":{"line":23,"column":12},"end":{"line":23,"column":null}},"5":{"start":{"line":7,"column":6},"end":{"line":24,"column":null}},"6":{"start":{"line":26,"column":0},"end":{"line":26,"column":null}}},"fnMap":{},"branchMap":{},"s":{"0":2,"1":2,"2":2,"3":2,"4":2,"5":2,"6":2},"f":{},"b":{}}
}
