TN:
SF:src/router.ts
FN:22,(anonymous_0)
FN:33,(anonymous_1)
FNF:2
FNH:2
FNDA:4,(anonymous_0)
FNDA:5,(anonymous_1)
DA:1,2
DA:2,2
DA:3,2
DA:4,2
DA:6,2
DA:9,2
DA:11,2
DA:16,2
DA:22,4
DA:26,2
DA:33,5
DA:39,2
DA:44,2
DA:49,2
LF:14
LH:14
BRF:0
BRH:0
end_of_record
TN:
SF:src/server.ts
FN:9,connectDB
FN:22,(anonymous_2)
FNF:2
FNH:2
FNDA:2,connectDB
FNDA:1,(anonymous_2)
DA:1,2
DA:2,2
DA:3,2
DA:5,2
DA:7,2
DA:10,2
DA:11,2
DA:12,1
DA:15,0
DA:18,2
DA:20,2
DA:22,2
DA:23,1
DA:26,2
LF:14
LH:13
BRF:0
BRH:0
end_of_record
TN:
SF:src/config/db.ts
FNF:0
FNH:0
DA:1,2
DA:2,2
DA:4,2
DA:6,2
DA:15,2
LF:5
LH:5
BRF:0
BRH:0
end_of_record
TN:
SF:src/handlers/product.ts
FN:6,(anonymous_1)
FN:23,(anonymous_2)
FN:32,(anonymous_3)
FN:52,(anonymous_4)
FN:72,(anonymous_5)
FN:102,(anonymous_6)
FNF:6
FNH:6
FNDA:2,(anonymous_1)
FNDA:2,(anonymous_2)
FNDA:1,(anonymous_3)
FNDA:2,(anonymous_4)
FNDA:1,(anonymous_5)
FNDA:2,(anonymous_6)
DA:3,2
DA:6,2
DA:8,2
DA:12,2
DA:13,2
DA:14,2
DA:15,2
DA:17,0
DA:19,0
DA:23,2
DA:24,2
DA:25,2
DA:26,2
DA:28,0
DA:32,2
DA:43,1
DA:44,1
DA:45,1
DA:47,0
DA:52,2
DA:54,2
DA:56,2
DA:57,2
DA:58,2
DA:59,2
DA:62,0
DA:63,0
DA:65,0
DA:68,0
DA:72,2
DA:74,1
DA:75,1
DA:77,1
DA:78,1
DA:79,1
DA:80,1
DA:82,0
DA:84,0
DA:85,0
DA:86,0
DA:89,0
DA:90,0
DA:92,0
DA:98,0
DA:102,2
DA:104,2
DA:106,2
DA:107,2
DA:108,2
DA:109,2
DA:112,0
DA:114,0
DA:117,0
LF:53
LH:34
BRDA:14,0,0,2
BRDA:58,1,0,2
BRDA:79,2,0,1
BRDA:84,3,0,0
BRDA:108,4,0,2
BRF:5
BRH:4
end_of_record
TN:
SF:src/middleware/index.ts
FN:4,(anonymous_0)
FNF:1
FNH:1
FNDA:16,(anonymous_0)
DA:2,2
DA:4,2
DA:6,16
DA:7,16
DA:8,8
DA:11,8
LF:6
LH:6
BRDA:7,0,0,8
BRF:1
BRH:1
end_of_record
TN:
SF:src/models/Product.model.ts
FNF:0
FNH:0
DA:1,2
DA:7,2
DA:11,2
DA:16,2
DA:23,2
DA:26,2
LF:6
LH:6
BRF:0
BRH:0
end_of_record
